WARN:	http://dev.4seating.com/home-theater-seating/cavallo/monarch2	Page Not Found	404Page Not Found
INFO:	https://4seating.com/home-theater-seating/cavallo/empire	Cavallo Empire - Home Theater Seats | 4seating
WARN:	http://dev.4seating.com/home-theater-seating/cavallo/monarch2	Page Not Found	404Page Not Found
INFO:http://dev.4seating.com/home-theater-seating/cavallo/monarch2 - 200 - OK
INFO:https://4seating.com/home-theater-seating/cavallo/empire - 200 - OK
WARN:	http://dev.4seating.com/home-theater-seating/cavallo/monarch2	Page Not Found	404Page Not Found
INFO:	https://4seating.com/home-theater-seating/cavallo/empire	Cavallo Empire - Home Theater Seats | 4seating
INFO:http://dev.4seating.com/home-theater-seating/cavallo/monarch2 - 200 - OK
INFO:https://4seating.com/home-theater-seating/cavallo/empire - 200 - OK
WARN:	https://4seating.com/home-theater-seating/cavallo/monarch	Mesa Coal, Mesa White
WARN:	https://4seating.com/home-theater-seating/cavallo/empire	Mesa Coal, Mesa White
INFO:	http://blog.4seating.com/	4seating.com Blog
INFO:http://blog.4seating.com/ - 200 - OK
INFO:	http://blog.4seating.com/	4seating.com Blog
INFO:	https://4seating.com/	Home Theater Seating, Home Theater Furniture, Movie Theater Seats, and Home Theater Decor
INFO:	https://4seating.com/24-hours-shipping	24 Hour Shipping Timeline for Home Theater Seating | 4seating
INFO:	https://4seating.com/about-us.htm	About Us | 4seating.com
INFO:	https://4seating.com/accessories/accessories_theater_stages.htm	SoundRight Home Theater Stages - Home Theater Decor | 4seating
INFO:	https://4seating.com/accessories/Accessories-CustomTheaterColumns.htm	SoundRight Home Theater Columns - Theater Decor | 4seating
INFO:	https://4seating.com/accessories/Accessories-CustomTheaterDecor.htm	SoundRight Theater Wall Accents - Movie Decor | 4seating
INFO:	https://4seating.com/accessories/Accessories-FiberOpticStarCeilingPanels.htm	SoundRight Star Panels - Home Theater Decor | 4seating
INFO:	https://4seating.com/accessories/Accessories-HomeTheaterCurtains.htm	SoundRight Home Theater Curtains - Home Theater Decor | 4seating
INFO:	https://4seating.com/accessories/Accessories-WallPanels.htm	SoundRight Acoustical Wall Panels - Home Theater Decor | 4seating
INFO:	https://4seating.com/Accessories-CompleteTheaterPackages.htm	Home Theater Seating Gallery | 4seating
INFO:	https://4seating.com/barcalounger-home-theater-seating/barcalounger-columbia-cinema-chairs.html	Barcalounger Columbia Cinema Chairs - Movie Seats| 4seating
INFO:	https://4seating.com/barcalounger-home-theater-seating/barcalounger-eclipse-home-theater-seats.htm	Barcalounger Eclipse Home Theater Seating | 4seating
INFO:	https://4seating.com/barcalounger-home-theater-seating/barcalounger-solaris-home-theater-chairs.html	Barcalounger Solaris Home Theater Chairs | 4seating
INFO:	https://4seating.com/barcalounger-matrix-home-theater-seating	Barcalounger Matrix Home Theater Seating | 4seating
INFO:	https://4seating.com/best-buy-theater-seating.htm	Best Buy Home Theater Seating | 4seating
INFO:	https://4seating.com/catalog/product/view/id/1155/s/seatcraft-madison-lx-multimedia-sofa/category/253/	Seatcraft Madison - Multimedia Furniture | 4seating
INFO:	https://4seating.com/catalogsearch/advanced/	Advanced Search
INFO:	https://4seating.com/catalogsearch/term/popular/	Search Terms
INFO:	https://4seating.com/checkout/cart/	Shopping Cart
INFO:	https://4seating.com/clearance.htm	Clearance Home Theater Seating | 4seating
INFO:	https://4seating.com/contact_us.htm	Contact Us | 4seating.com
INFO:	https://4seating.com/contacts/	Contact Us
INFO:	https://4seating.com/elite-c1m-home-theater-seating	Elite C1-M Home Theater Seating | 4seating
INFO:	https://4seating.com/flash-shipping-terms-and-conditions.html	24 Hour Flash Shipping Terms & Conditions | 4seating
INFO:	https://4seating.com/form-customer-service.htm	Customer Service Request | 4seating
INFO:	https://4seating.com/form-status-request.htm	Status Request Form
INFO:	https://4seating.com/heritage-seating.html	Heritage Seating
INFO:	https://4seating.com/home-theater-decor/home-theater-risers.htm	Home Theater Seat Risers - Movie Seat Platforms | 4seating
INFO:	https://4seating.com/home-theater-seating.htm	Home Theater Seating - Home Theater Furniture | 4seating
INFO:	https://4seating.com/home-theater-seating.htm/	Home Theater Seating - Home Theater Furniture | 4seating
INFO:	https://4seating.com/home-theater-seating/barcalounger-theater-seating.htm	Barcalounger Theater Seating - Media Chairs | 4seating
INFO:	https://4seating.com/home-theater-seating/barcalounger-theater-seating.htm/	Barcalounger Theater Seating - Media Chairs | 4seating
INFO:	https://4seating.com/home-theater-seating/cavallo	Cavallo Home Theater Seating | 4seating
INFO:	https://4seating.com/home-theater-seating/cavallo/	Cavallo Home Theater Seating | 4seating
INFO:	https://4seating.com/home-theater-seating/cavallo/continental	Cavallo Continental - Media Room Chairs | 4seating
INFO:	https://4seating.com/home-theater-seating/cavallo/monarch	Cavallo Monarch - Home Theater Chairs | 4seating
INFO:	https://4seating.com/home-theater-seating/coaster-home-theater-seating.htm	Coaster Home Theater Seating - Theater Furniture | 4seating
INFO:	https://4seating.com/home-theater-seating/commercial-movie-theater-seating.htm	Commercial Movie Theater Seating - Cinema Chairs | 4seating
INFO:	https://4seating.com/home-theater-seating/elite-home-theater-seating.htm	Elite Home Theater Seating - Theater Furniture | 4seating
INFO:	https://4seating.com/home-theater-seating/home-theater-seating-accessories.htm	Seatcraft Home Theater Seating Accessories | 4seating
INFO:	https://4seating.com/home-theater-seating/jaymar-theater-seating.htm	Jaymar Home Theater Seating | 4seating
INFO:	https://4seating.com/home-theater-seating/klaussner-home-theater-seating.htm	Klaussner Home Theater Seating | 4seating
INFO:	https://4seating.com/home-theater-seating/lane-home-theater-seats.htm	Lane Home Theater Seating - Lane Furniture | 4seating
INFO:	https://4seating.com/home-theater-seating/lane-home-theater-seats.htm/	Lane Home Theater Seating - Lane Furniture | 4seating
INFO:	https://4seating.com/home-theater-seating/palliser-home-theater-seating.htm	Palliser Home Theater Seating - Theater Furniture | 4seating
INFO:	https://4seating.com/home-theater-seating/palliser-home-theater-seating.htm/	Palliser Home Theater Seating - Theater Furniture | 4seating
INFO:	https://4seating.com/home-theater-seating/seatcraft-home-theater-seats.htm	Seatcraft Home Theater Seating - Media Room Chairs | 4seating
INFO:	https://4seating.com/home-theater-seating/seatcraft-home-theater-seats.htm/	Seatcraft Home Theater Seating - Media Room Chairs | 4seating
INFO:	https://4seating.com/home-theater-seating/seatcraft-signature-series.htm	Seatcraft Signature Home Theater Seating | 4seating
INFO:	https://4seating.com/home-theater-seating/seatcraft-signature-series.htm/	Seatcraft Signature Home Theater Seating | 4seating
INFO:	https://4seating.com/home-theater-seating/seatcraft-signature-series/seatcraft-dynasty-home-theater-seats	Seatcraft Dynasty Home Theater Seating | 4seating
INFO:	https://4seating.com/home-theater-seating/seatcraft-your-choice-home-theater-seating.htm	Your Choice Home Theater Seating by Seatcraft | 4seating
INFO:	https://4seating.com/home-theater-seating/seatcraft-your-choice-home-theater-seating.htm/	Your Choice Home Theater Seating by Seatcraft | 4seating
INFO:	https://4seating.com/home-theater-seating/southern-motion-home-theater-seating.htm	Southern Motion Home Theater Furniture | 4seating
INFO:	https://4seating.com/home-theater-seating-audio-accessory/soundshaker-seat-vibration-kit-amplifier.html	SoundShaker Amplifier
INFO:	https://4seating.com/home-theater-seating-blog/audio_dolby_reference.htm	4seating.com
INFO:	https://4seating.com/home-theater-seating-blog/berkline-palliser-cosater-jaymar-seatcraft.htm	4seating.com
INFO:	https://4seating.com/home-theater-seating-blog/find-your-home-theater-deal.htm	4seating.com
INFO:	https://4seating.com/home-theater-seating-blog/home-theater-gear-is-a-booming-business.htm	4seating.com
INFO:	https://4seating.com/home-theater-seating-blog/home-theater-seating-fabrics-leathers.htm	4seating.com
INFO:	https://4seating.com/home-theater-seating-blog/largest-theater-seating-showroom-los-angeles.htm	4seating.com
INFO:	https://4seating.com/home-theater-seating-blog/seatcraft-home-theater-seating.htm	4seating.com
INFO:	https://4seating.com/home-theater-seating-blog/seatcraft-rialto-stage-seating.htm	4seating.com
INFO:	https://4seating.com/home-theater-seating-blog/the-seatcraft-accessory-pod.htm	4seating.com
INFO:	https://4seating.com/index_theater_carpeting.htm	Home Theater Carpet and Theater Carpets | 4seating
INFO:	https://4seating.com/index_theater_decor.htm	Home Theater Decor - Movie Theater Accents | 4seating
INFO:	https://4seating.com/index-24-hour-flash-shipping.html	24 Hour Flash Shipping Home Theater Seats | 4seating
INFO:	https://4seating.com/index-home-theater-seating-new.htm	Newest Home Theater Seating Products | 4seating
INFO:	https://4seating.com/index-powered-headrest-theater-seating.htm	Adjustable Powered Headrests Home Theater Seating | 4seating
INFO:	https://4seating.com/index-powered-lumbar-theater-seating.htm	Adjustable Powered Lumbar Home Theater Seating | 4seating
INFO:	https://4seating.com/index-stadium-theater-seating.htm	Commercial Movie Theater Seating - Cinema Chairs | 4seating
INFO:	https://4seating.com/index-usb-power-recline-seating.htm	USB Charging Power Recline Home Theater Seating | 4seating
INFO:	https://4seating.com/jaymar-theater-seating/jaymar-359-theater-seating.html	Jaymar 359 Theater Seating - Top Grain Leather | 4seating
INFO:	https://4seating.com/jaymar-theater-seating/jaymar-home-theater-seating.htm	4seating.com
WARN:	https://4seating.com/lane-multimedia-sectionals.html	Page Not Found	404Page Not Found
INFO:	https://4seating.com/lift-chairs.htm	Seatcraft Power Lift Reclining Chairs | 4seating
INFO:	https://4seating.com/madison7000-sectional	Seatcraft Madison - Theater Furniture | 4seating
INFO:	https://4seating.com/media-lounge-sofas	Media Lounge Sofas | 4seating
INFO:	https://4seating.com/multimedia-sectionals.html	Multimedia Modular Sectionals
INFO:	https://4seating.com/niagara7000-sectional	Seatcraft Niagara - Media Sectionals | 4seating
INFO:	https://4seating.com/palliser-home-theater-seating/palliser-collingwood-home-theater-seating.html	Palliser Collingwood Home Theater Seating | 4seating
INFO:	https://4seating.com/palliser-home-theater-seating/palliser-mirage-home-theatre-seats.html	Palliser Mirage Home Theatre Seats | 4seating
INFO:	https://4seating.com/palliser-home-theater-seating/palliser-westley-theater-seats.html	Palliser Westley Theater Seats | 4seating
INFO:	https://4seating.com/poster_LightUpMoviePosterFrames.html	SoundRight Home Theater Movie Poster Frames | 4seating
INFO:	https://4seating.com/powered-by-soundshaker-theater-seating.htm	Powered by SoundShaker Home Theater Seating | 4seating
INFO:	https://4seating.com/privacy_policy.htm	Privacy Policy | 4seating
INFO:	https://4seating.com/sales/guest/form/	Home Theater Seating, Home Theater Furniture, Movie Theater Seats, and Home Theater Decor
INFO:	https://4seating.com/seatcraft-apex-home-theater-seating	Seatcraft Apex Home Theater Chair | 4seating
INFO:	https://4seating.com/seatcraft-cuddle-seat-media-room-chairs	Seatcraft Cuddle Seat | 4seating
INFO:	https://4seating.com/seatcraft-diamante-chaise-theater-seating	Seatcraft Diamante Chaise Theater Seating | 4seating
INFO:	https://4seating.com/seatcraft-entrada-leather-living-room-multimedia-sectional	Seatcraft Entrada Leather Sectional | 4seating
WARN:	https://4seating.com/seatcraft-home-theater-seating/seatcraft-milano-home-theater-seats.html	Page Not Found	404Page Not Found
INFO:	https://4seating.com/seatcraft-maxim-two-tone-home-theater-seats	Seatcraft Maxim Two-Tone Theater Seating | 4Seating
INFO:	https://4seating.com/seatcraft-mirage-movie-theater-seating	Seatcraft Mirage Ergonomic Movie Theater Seating | 4seating
INFO:	https://4seating.com/seatcraft-monaco-chaise-home-theater-recliners	Seatcraft Monaco Chaise Home Theater Seats
INFO:	https://4seating.com/seatcraft-monroe-theater-chairs	Seatcraft Monroe Theater Chairs
INFO:	https://4seating.com/seatcraft-multimedia-sectionals.html	Seatcraft Multimedia Sectionals | 4seating
INFO:	https://4seating.com/seatcraft-my-way-theater-seating/seatcraft-grenada-chaise-home-theater-seating.html	Seatcraft Grenada Chaise Theater Seating
INFO:	https://4seating.com/seatcraft-my-way-theater-seating/seatcraft-madera-media-room-seating.html	Seatcraft Madera Media Room Seating
INFO:	https://4seating.com/seatcraft-my-way-theater-seating/seatcraft-your-choice-diamante-two-tone-theater-seating.html	Seatcraft Your Choice Diamante Two-Tone Theater Seating
WARN:	https://4seating.com/seatcraft-samson-xl-theater-seating	Page Not Found	404Page Not Found
INFO:	https://4seating.com/seatcraft-seville-chaise-theater-seats	Seatcraft Seville Chaise Theater Seats
INFO:	https://4seating.com/seatcraft-swivel-cuddle-chair	Seatcraft Swivel Cuddle Couch - Cuddle Seat | 4seating
WARN:	https://4seating.com/seatcraft-swivel-cuddle-chair-1586.html	Page Not Found	404Page Not Found
INFO:	https://4seating.com/seatcraft-theater-seating/adjustable-tablet-holder.htm	Adjustable Tablet & Phone Holder for Home Theater Seats | 4seating
INFO:	https://4seating.com/seatcraft-theater-seating/articulating-led-light.htm	Articulating LED Reading Light for home theater seating
INFO:	https://4seating.com/seatcraft-theater-seating/cigar-host.html	Seatcraft Cigar Host - Home Theater Seating | 4seating
INFO:	https://4seating.com/seatcraft-theater-seating/neck-pillow.htm	Universal Neck Pillow for home theater seating | 4seating
INFO:	https://4seating.com/seatcraft-theater-seating/seatcraft-12006-home-theater-seating.html	Seatcraft 12006 Home Theater Seating - Theater Chairs | 4seating
INFO:	https://4seating.com/seatcraft-theater-seating/seatcraft-aspen-media-room-chairs.html	Seatcraft Aspen Theater Seats | 4seating
INFO:	https://4seating.com/seatcraft-theater-seating/seatcraft-big-and-tall-seats.html	Big & Tall Seating | 4seating
INFO:	https://4seating.com/seatcraft-theater-seating/seatcraft-cuddleseat-theater-furniture.htm	Seatcraft Cuddle Seat - Cuddle Seating | 4seating
INFO:	https://4seating.com/seatcraft-theater-seating/seatcraft-diamante-home-theater-seat.html	Seatcraft Diamante Home Theater Seat | 4seating
INFO:	https://4seating.com/seatcraft-theater-seating/seatcraft-equinox-home-theater-seats.html	Seatcraft Equinox Home Theater Seats | 4seating
INFO:	https://4seating.com/seatcraft-theater-seating/seatcraft-grenada-home-theater-seating.html	Seatcraft Grenada Theater Seats - Theater Chairs | 4seating
INFO:	https://4seating.com/seatcraft-theater-seating/seatcraft-heavenly-modular-sofa.html	Seatcraft Heavenly Modular Sofa
INFO:	https://4seating.com/seatcraft-theater-seating/seatcraft-monaco-theater-seating.html	Seatcraft Monaco Media Room Furniture | 4seating
INFO:	https://4seating.com/seatcraft-theater-seating/seatcraft-monterey-home-theater-seating.html	Seatcraft Monterey Home Theater Seating | 4seating
INFO:	https://4seating.com/seatcraft-theater-seating/seatcraft-rockford-home-theater-seating.html	Seatcraft Rockford Home Theater Chair | 4seating
INFO:	https://4seating.com/seatcraft-theater-seating/seatcraft-seville-theater-seating.html	Seatcraft Seville Black Home Theater Seats | 4seating
INFO:	https://4seating.com/seatcraft-theater-seating/seatcraft-sienna-home-theater-seating.html	Seatcraft Sienna Home Theater Seating | 4seating
INFO:	https://4seating.com/seatcraft-theater-seating/seatcraft-sierra-home-theater-seating.html	Seatcraft Sierra Movie Theater Chairs | 4seating
INFO:	https://4seating.com/seatcraft-theater-seating/seatcraft-venetian-love-console-seating.html	Seatcraft Venetian Love Console Recliner | 4seating
INFO:	https://4seating.com/seatcraft-theater-seating/seatcraft-venetian-media-room-chair.html	Seatcraft Venetian Media Room Chair | 4seating
INFO:	https://4seating.com/seatcraft-theater-seating/seatcraft-venetian-theater-seating.html	Seatcraft Venetian Theater Seating - Media Room Chairs | 4seating
INFO:	https://4seating.com/seatcraft-theater-seating/theater-seating-excalibur-lx.htm	Seatcraft Excalibur LX Home Theater Seating | 4seating
INFO:	https://4seating.com/seatcraft-theater-seating/tray-tables.htm	Tray Tables for home theater seating | 4seating
INFO:	https://4seating.com/seatcraft-theater-seating/wine-glass-caddy.htm	Wine Glass Caddy for home theater seating | 4seating
INFO:	https://4seating.com/seatcraft-tiered-home-theater-seating-no-risers	Seatcraft Tiered Home Theater Seating Without Risers | 4seating
INFO:	https://4seating.com/seatcraft-vanguard-movie-theater-seating	Seatcraft Vanguard Two-Tone Movie Theater Seating | 4seating
INFO:	https://4seating.com/seatcraft-your-choice-home-theater-sectionals	Your Choice Multimedia Sectionals | 4seating
INFO:	https://4seating.com/seatcraft-your-choice-theater-sofas	Your Choice Multimedia Home Theater Sofas and Loveseats | 4seating
INFO:	https://4seating.com/sitemap.htm	Sitemap 4seating.com | 4seating
INFO:	https://4seating.com/sitemap/	Index of /sitemap
INFO:	https://4seating.com/sofas-and-sectionals/barcalounger-home-theater-sofas-sectional.html	Barcalounger Multimedia Sofas - Movie Couches | 4seating
INFO:	https://4seating.com/sofas-and-sectionals/index.html	Multimedia Home Theater Sofas and Sectionals | 4seating
INFO:	https://4seating.com/sofas-and-sectionals/index-lane-sectionals.html	Lane Home Theater Multimedia Sofas and Sectionals | 4seating
INFO:	https://4seating.com/sofas-and-sectionals/index-seatcraft-furniture.html	Seatcraft Home Theater Sofas and Sectionals | 4seating
INFO:	https://4seating.com/sofas-and-sectionals/palliser-multimedia-sofas.htm	Palliser Home Theater Sofas - Multimedia Sectionals | 4seating
INFO:	https://4seating.com/sofas-and-sectionals/southern-motion-sectionals.htm	Southern Motion Home Theater Sectionals | 4seating
INFO:	https://4seating.com/soundshaker-seat-vibration-kit.html	SoundShaker Seat Vibration Kit
INFO:	https://4seating.com/soundshaker-seat-vibration-kit-transducer.html	SoundShaker Transducer
INFO:	https://4seating.com/terms_of_sale.html	Terms of Sale and Return Policy | 4seating
INFO:	https://4seating.com/terms_of_use_agreement.htm	Terms of Use Agreement | 4seating
INFO:	https://4seating.com/theater_seating_clearence.htm	Clearance Home Theater Seating | 4seating
INFO:	https://4seating.com/theatre_gallery.htm	Home Theater Seating Gallery | 4seating
INFO:	https://instagram.com/4seating	@4seating • Instagram photos and videos
INFO:	https://plus.google.com/u/0/113069691125078581878/about	4seating.com - Google+
INFO:	https://www.facebook.com/4seating	4seating.com - Furniture - La Habra, California - 63 reviews - 330 photos | Facebook
ERROR:	https://www.houzz.com/pro/4seating	org.openqa.selenium.NoSuchElementException: no such element: Unable to locate element: {"method":"xpath","selector":"//span[@class='not_found_404']"}
  (Session info: chrome=71.0.3578.98)
  (Driver info: chromedriver=2.41.578737 (49da6702b16031c40d63e5618de03a32ff6c197e),platform=Windows NT 6.1.7601 SP1 x86_64) (WARNING: The server did not provide any stacktrace information)
Command duration or timeout: 0 milliseconds
For documentation on this error, please visit: http://seleniumhq.org/exceptions/no_such_element.html
Build info: version: '3.13.0', revision: '2f0d292', time: '2018-06-25T15:32:19.891Z'
System info: host: 'SUMIT-PC', ip: '192.168.101.37', os.name: 'Windows 7', os.arch: 'amd64', os.version: '6.1', java.version: '10.0.1'
Driver info: org.openqa.selenium.chrome.ChromeDriver
Capabilities {acceptInsecureCerts: false, acceptSslCerts: false, applicationCacheEnabled: false, browserConnectionEnabled: false, browserName: chrome, chrome: {chromedriverVersion: 2.41.578737 (49da6702b16031..., userDataDir: C:\Users\sumit\AppData\Loca...}, cssSelectorsEnabled: true, databaseEnabled: false, goog:chromeOptions: {debuggerAddress: localhost:59213}, handlesAlerts: true, hasTouchScreen: false, javascriptEnabled: true, locationContextEnabled: true, mobileEmulationEnabled: false, nativeEvents: true, networkConnectionEnabled: false, pageLoadStrategy: normal, platform: XP, platformName: XP, rotatable: false, setWindowRect: true, takesHeapSnapshot: true, takesScreenshot: true, unexpectedAlertBehaviour: , unhandledPromptBehavior: , version: 71.0.3578.98, webStorageEnabled: true}
Session ID: 8dafdab92363a93e8892882aacf4f12d
*** Element info: {Using=xpath, value=//span[@class='not_found_404']}
INFO:	https://www.instagram.com/4seating/	@4seating • Instagram photos and videos
INFO:	https://www.pinterest.com/4seating	4seating | Home Theater Seats (4seating) on Pinterest
INFO:	https://www.twitter.com/4seating	4seating.com (@4seating) | Twitter
INFO:	https://www.youtube.com/4seating	4seating.com - YouTube
INFO:	https://www.youtube.com/user/4seating	4seating.com - YouTube
INFO:http://blog.4seating.com/ - 200 - OK
